{"uuid":"3b466349-5857-4926-9084-bd90cfd599e7","name":"com.shadowfax.tests.GurgaondcTests","children":["0b57e83a-418e-45bd-bc12-5b310826248b","af579d2a-c01a-4747-b720-3c3a3b277278","bbfe25ef-2d3e-4954-9f9c-bbb007014664"],"befores":[{"name":"initshadowfaxLogin","status":"broken","statusDetails":{"known":false,"muted":false,"flaky":false,"message":"java.lang.IllegalAccessException: Can not set static final org.openqa.selenium.WebElement field com.shadowfax.pages.GurgaondcPages.ScanAwbNo to jdk.proxy2.$Proxy23","trace":"java.lang.RuntimeException: java.lang.IllegalAccessException: Can not set static final org.openqa.selenium.WebElement field com.shadowfax.pages.GurgaondcPages.ScanAwbNo to jdk.proxy2.$Proxy23\r\n\tat org.openqa.selenium.support.PageFactory.proxyFields(PageFactory.java:117)\r\n\tat org.openqa.selenium.support.PageFactory.initElements(PageFactory.java:103)\r\n\tat org.openqa.selenium.support.PageFactory.initElements(PageFactory.java:90)\r\n\tat org.openqa.selenium.support.PageFactory.initElements(PageFactory.java:78)\r\n\tat com.shadowfax.pages.BaseAutomationPage.<init>(BaseAutomationPage.java:34)\r\n\tat com.shadowfax.pages.GurgaondcPages.<init>(GurgaondcPages.java:66)\r\n\tat com.shadowfax.tests.GurgaondcTests.initshadowfaxLogin(GurgaondcTests.java:37)\r\n\tat java.base/jdk.internal.reflect.DirectMethodHandleAccessor.invoke(DirectMethodHandleAccessor.java:104)\r\n\tat java.base/java.lang.reflect.Method.invoke(Method.java:577)\r\n\tat org.testng.internal.MethodInvocationHelper.invokeMethod(MethodInvocationHelper.java:133)\r\n\tat org.testng.internal.MethodInvocationHelper.invokeMethodConsideringTimeout(MethodInvocationHelper.java:62)\r\n\tat org.testng.internal.ConfigInvoker.invokeConfigurationMethod(ConfigInvoker.java:385)\r\n\tat org.testng.internal.ConfigInvoker.invokeConfigurations(ConfigInvoker.java:321)\r\n\tat org.testng.internal.TestMethodWorker.invokeBeforeClassMethods(TestMethodWorker.java:176)\r\n\tat org.testng.internal.TestMethodWorker.run(TestMethodWorker.java:122)\r\n\tat java.base/java.util.ArrayList.forEach(ArrayList.java:1511)\r\n\tat org.testng.TestRunner.privateRun(TestRunner.java:794)\r\n\tat org.testng.TestRunner.run(TestRunner.java:596)\r\n\tat org.testng.SuiteRunner.runTest(SuiteRunner.java:377)\r\n\tat org.testng.SuiteRunner.runSequentially(SuiteRunner.java:371)\r\n\tat org.testng.SuiteRunner.privateRun(SuiteRunner.java:332)\r\n\tat org.testng.SuiteRunner.run(SuiteRunner.java:276)\r\n\tat org.testng.SuiteRunnerWorker.runSuite(SuiteRunnerWorker.java:53)\r\n\tat org.testng.SuiteRunnerWorker.run(SuiteRunnerWorker.java:96)\r\n\tat org.testng.TestNG.runSuitesSequentially(TestNG.java:1212)\r\n\tat org.testng.TestNG.runSuitesLocally(TestNG.java:1134)\r\n\tat org.testng.TestNG.runSuites(TestNG.java:1063)\r\n\tat org.testng.TestNG.run(TestNG.java:1031)\r\n\tat org.testng.remote.AbstractRemoteTestNG.run(AbstractRemoteTestNG.java:115)\r\n\tat org.testng.remote.RemoteTestNG.initAndRun(RemoteTestNG.java:251)\r\n\tat org.testng.remote.RemoteTestNG.main(RemoteTestNG.java:77)\r\nCaused by: java.lang.IllegalAccessException: Can not set static final org.openqa.selenium.WebElement field com.shadowfax.pages.GurgaondcPages.ScanAwbNo to jdk.proxy2.$Proxy23\r\n\tat java.base/jdk.internal.reflect.FieldAccessorImpl.throwFinalFieldIllegalAccessException(FieldAccessorImpl.java:137)\r\n\tat java.base/jdk.internal.reflect.FieldAccessorImpl.throwFinalFieldIllegalAccessException(FieldAccessorImpl.java:141)\r\n\tat java.base/jdk.internal.reflect.MethodHandleObjectFieldAccessorImpl.set(MethodHandleObjectFieldAccessorImpl.java:103)\r\n\tat java.base/java.lang.reflect.Field.set(Field.java:820)\r\n\tat org.openqa.selenium.support.PageFactory.proxyFields(PageFactory.java:115)\r\n\t... 30 more\r\n"},"stage":"finished","description":"","steps":[],"attachments":[],"parameters":[],"start":1661249717527,"stop":1661249771583}],"afters":[],"links":[],"start":1661249717502,"stop":1661249773078}