{"name":" Test Case #2 , Verify forwardoperations","status":"skipped","statusDetails":{"known":false,"muted":false,"flaky":false,"message":"java.lang.IllegalAccessException: Can not set static final org.openqa.selenium.WebElement field com.shadowfax.pages.GurgaondcPages.ScanAwbNo to jdk.proxy2.$Proxy24","trace":"java.lang.RuntimeException: java.lang.IllegalAccessException: Can not set static final org.openqa.selenium.WebElement field com.shadowfax.pages.GurgaondcPages.ScanAwbNo to jdk.proxy2.$Proxy24\r\n\tat org.openqa.selenium.support.PageFactory.proxyFields(PageFactory.java:117)\r\n\tat org.openqa.selenium.support.PageFactory.initElements(PageFactory.java:103)\r\n\tat org.openqa.selenium.support.PageFactory.initElements(PageFactory.java:90)\r\n\tat org.openqa.selenium.support.PageFactory.initElements(PageFactory.java:78)\r\n\tat com.shadowfax.pages.BaseAutomationPage.<init>(BaseAutomationPage.java:34)\r\n\tat com.shadowfax.pages.GurgaondcPages.<init>(GurgaondcPages.java:66)\r\n\tat com.shadowfax.tests.GurgaondcTests.initshadowfaxLogin(GurgaondcTests.java:35)\r\n\tat java.base/jdk.internal.reflect.DirectMethodHandleAccessor.invoke(DirectMethodHandleAccessor.java:104)\r\n\tat java.base/java.lang.reflect.Method.invoke(Method.java:577)\r\n\tat org.testng.internal.MethodInvocationHelper.invokeMethod(MethodInvocationHelper.java:133)\r\n\tat org.testng.internal.MethodInvocationHelper.invokeMethodConsideringTimeout(MethodInvocationHelper.java:62)\r\n\tat org.testng.internal.ConfigInvoker.invokeConfigurationMethod(ConfigInvoker.java:385)\r\n\tat org.testng.internal.ConfigInvoker.invokeConfigurations(ConfigInvoker.java:321)\r\n\tat org.testng.internal.TestMethodWorker.invokeBeforeClassMethods(TestMethodWorker.java:176)\r\n\tat org.testng.internal.TestMethodWorker.run(TestMethodWorker.java:122)\r\n\tat java.base/java.util.ArrayList.forEach(ArrayList.java:1511)\r\n\tat org.testng.TestRunner.privateRun(TestRunner.java:794)\r\n\tat org.testng.TestRunner.run(TestRunner.java:596)\r\n\tat org.testng.SuiteRunner.runTest(SuiteRunner.java:377)\r\n\tat org.testng.SuiteRunner.runSequentially(SuiteRunner.java:371)\r\n\tat org.testng.SuiteRunner.privateRun(SuiteRunner.java:332)\r\n\tat org.testng.SuiteRunner.run(SuiteRunner.java:276)\r\n\tat org.testng.SuiteRunnerWorker.runSuite(SuiteRunnerWorker.java:53)\r\n\tat org.testng.SuiteRunnerWorker.run(SuiteRunnerWorker.java:96)\r\n\tat org.testng.TestNG.runSuitesSequentially(TestNG.java:1212)\r\n\tat org.testng.TestNG.runSuitesLocally(TestNG.java:1134)\r\n\tat org.testng.TestNG.runSuites(TestNG.java:1063)\r\n\tat org.testng.TestNG.run(TestNG.java:1031)\r\n\tat org.testng.remote.AbstractRemoteTestNG.run(AbstractRemoteTestNG.java:115)\r\n\tat org.testng.remote.RemoteTestNG.initAndRun(RemoteTestNG.java:251)\r\n\tat org.testng.remote.RemoteTestNG.main(RemoteTestNG.java:77)\r\nCaused by: java.lang.IllegalAccessException: Can not set static final org.openqa.selenium.WebElement field com.shadowfax.pages.GurgaondcPages.ScanAwbNo to jdk.proxy2.$Proxy24\r\n\tat java.base/jdk.internal.reflect.FieldAccessorImpl.throwFinalFieldIllegalAccessException(FieldAccessorImpl.java:137)\r\n\tat java.base/jdk.internal.reflect.FieldAccessorImpl.throwFinalFieldIllegalAccessException(FieldAccessorImpl.java:141)\r\n\tat java.base/jdk.internal.reflect.MethodHandleObjectFieldAccessorImpl.set(MethodHandleObjectFieldAccessorImpl.java:103)\r\n\tat java.base/java.lang.reflect.Field.set(Field.java:820)\r\n\tat org.openqa.selenium.support.PageFactory.proxyFields(PageFactory.java:115)\r\n\t... 30 more\r\n"},"stage":"finished","description":"Test Case #1, Verify forwardoperations","steps":[],"attachments":[],"parameters":[{"name":"siteURL","value":"https://gandalf3.staging.shadowfax.in/#/login"},{"name":"browser","value":"Chrome"}],"start":1661255808749,"stop":1661255808751,"uuid":"6acb129e-d4e7-4891-9ef4-97f121a6b2a0","historyId":"3efb6eaa1738caac728dccad593230f","fullName":"com.shadowfax.tests.GurgaondcTests.GurgaondcTests","labels":[{"name":"package","value":"com.shadowfax.tests.GurgaondcTests"},{"name":"testClass","value":"com.shadowfax.tests.GurgaondcTests"},{"name":"testMethod","value":"GurgaondcTests"},{"name":"parentSuite","value":"Suite"},{"name":"suite","value":"Login"},{"name":"subSuite","value":"com.shadowfax.tests.GurgaondcTests"},{"name":"host","value":"DESKTOP-83L6P0B"},{"name":"thread","value":"10020@DESKTOP-83L6P0B.main(1)"},{"name":"framework","value":"testng"},{"name":"language","value":"java"},{"name":"story","value":"Test Case #1, Verify forwardoperations"},{"name":"epic","value":"ShadowFax"},{"name":"feature","value":"Gurgaondc"},{"name":"severity","value":"blocker"}],"links":[]}